<?xml version="1.0" encoding="UTF-8" standalone="yes"?><!DOCTYPE report PUBLIC "-//JACOCO//DTD Report 1.1//EN" "report.dtd"><report name="com.syntifi.near:near-java-api"><sessioninfo id="fv-az126-660-5192b80" start="1646668462962" dump="1646668477598"/><package name="com/syntifi/near/api/model/block"><class name="com/syntifi/near/api/model/block/BlockChanges" sourcefilename="BlockChanges.java"/><class name="com/syntifi/near/api/model/block/BlockChange$BlockChangeBuilder" sourcefilename="BlockChange.java"/><class name="com/syntifi/near/api/model/block/BlockChanges$BlockChangesBuilder" sourcefilename="BlockChanges.java"/><class name="com/syntifi/near/api/model/block/Block$BlockBuilder" sourcefilename="Block.java"/><class name="com/syntifi/near/api/model/block/ChunkHeader$ChunkHeaderBuilder" sourcefilename="ChunkHeader.java"/><class name="com/syntifi/near/api/model/block/BlockHeader" sourcefilename="BlockHeader.java"/><class name="com/syntifi/near/api/model/block/Chunk$ChunkBuilder" sourcefilename="Chunk.java"/><class name="com/syntifi/near/api/model/block/Block" sourcefilename="Block.java"/><class name="com/syntifi/near/api/model/block/ChunkHeader" sourcefilename="ChunkHeader.java"/><class name="com/syntifi/near/api/model/block/Chunk" sourcefilename="Chunk.java"/><class name="com/syntifi/near/api/model/block/BlockChange" sourcefilename="BlockChange.java"/><class name="com/syntifi/near/api/model/block/ValidatorProposal" sourcefilename="ValidatorProposal.java"><method name="&lt;init&gt;" desc="()V" line="19"><counter type="INSTRUCTION" missed="0" covered="3"/><counter type="LINE" missed="0" covered="1"/><counter type="COMPLEXITY" missed="0" covered="1"/><counter type="METHOD" missed="0" covered="1"/></method><counter type="INSTRUCTION" missed="0" covered="3"/><counter type="LINE" missed="0" covered="1"/><counter type="COMPLEXITY" missed="0" covered="1"/><counter type="METHOD" missed="0" covered="1"/><counter type="CLASS" missed="0" covered="1"/></class><class name="com/syntifi/near/api/model/block/BlockHeader$BlockHeaderBuilder" sourcefilename="BlockHeader.java"/><sourcefile name="BlockChange.java"/><sourcefile name="ValidatorProposal.java"><line nr="19" mi="0" ci="3" mb="0" cb="0"/><counter type="INSTRUCTION" missed="0" covered="3"/><counter type="LINE" missed="0" covered="1"/><counter type="COMPLEXITY" missed="0" covered="1"/><counter type="METHOD" missed="0" covered="1"/><counter type="CLASS" missed="0" covered="1"/></sourcefile><sourcefile name="BlockChanges.java"/><sourcefile name="Block.java"/><sourcefile name="Chunk.java"/><sourcefile name="BlockHeader.java"/><sourcefile name="ChunkHeader.java"/><counter type="INSTRUCTION" missed="0" covered="3"/><counter type="LINE" missed="0" covered="1"/><counter type="COMPLEXITY" missed="0" covered="1"/><counter type="METHOD" missed="0" covered="1"/><counter type="CLASS" missed="0" covered="1"/></package><package name="com/syntifi/near/api/model/key"><class name="com/syntifi/near/api/model/key/Signature" sourcefilename="Signature.java"><method name="&lt;init&gt;" desc="()V" line="21"><counter type="INSTRUCTION" missed="0" covered="7"/><counter type="LINE" missed="0" covered="3"/><counter type="COMPLEXITY" missed="0" covered="1"/><counter type="METHOD" missed="0" covered="1"/></method><method name="&lt;init&gt;" desc="(Lcom/syntifi/near/api/model/key/KeyType;[B)V" line="32"><counter type="INSTRUCTION" missed="0" covered="5"/><counter type="LINE" missed="0" covered="2"/><counter type="COMPLEXITY" missed="0" covered="1"/><counter type="METHOD" missed="0" covered="1"/></method><method name="getPublicKeyFromJson" desc="(Ljava/lang/String;)Lcom/syntifi/near/api/model/key/Signature;" line="37"><counter type="INSTRUCTION" missed="0" covered="5"/><counter type="LINE" missed="0" covered="1"/><counter type="COMPLEXITY" missed="0" covered="1"/><counter type="METHOD" missed="0" covered="1"/></method><method name="getJsonPublicKey" desc="()Ljava/lang/String;" line="42"><counter type="INSTRUCTION" missed="0" covered="3"/><counter type="LINE" missed="0" covered="1"/><counter type="COMPLEXITY" missed="0" covered="1"/><counter type="METHOD" missed="0" covered="1"/></method><counter type="INSTRUCTION" missed="0" covered="20"/><counter type="LINE" missed="0" covered="7"/><counter type="COMPLEXITY" missed="0" covered="4"/><counter type="METHOD" missed="0" covered="4"/><counter type="CLASS" missed="0" covered="1"/></class><class name="com/syntifi/near/api/model/key/PublicKey" sourcefilename="PublicKey.java"><method name="&lt;init&gt;" desc="()V" line="24"><counter type="INSTRUCTION" missed="0" covered="7"/><counter type="LINE" missed="0" covered="3"/><counter type="COMPLEXITY" missed="0" covered="1"/><counter type="METHOD" missed="0" covered="1"/></method><method name="&lt;init&gt;" desc="(Lcom/syntifi/near/api/model/key/KeyType;[B)V" line="41"><counter type="INSTRUCTION" missed="0" covered="5"/><counter type="LINE" missed="0" covered="2"/><counter type="COMPLEXITY" missed="0" covered="1"/><counter type="METHOD" missed="0" covered="1"/></method><method name="getPublicKey" desc="()Lcom/syntifi/crypto/key/AbstractPublicKey;" line="45"><counter type="INSTRUCTION" missed="0" covered="23"/><counter type="BRANCH" missed="0" covered="2"/><counter type="LINE" missed="0" covered="3"/><counter type="COMPLEXITY" missed="0" covered="2"/><counter type="METHOD" missed="0" covered="1"/></method><method name="getPublicKeyFromJson" desc="(Ljava/lang/String;)Lcom/syntifi/near/api/model/key/PublicKey;" line="53"><counter type="INSTRUCTION" missed="0" covered="5"/><counter type="LINE" missed="0" covered="1"/><counter type="COMPLEXITY" missed="0" covered="1"/><counter type="METHOD" missed="0" covered="1"/></method><method name="getJsonPublicKey" desc="()Ljava/lang/String;" line="58"><counter type="INSTRUCTION" missed="0" covered="3"/><counter type="LINE" missed="0" covered="1"/><counter type="COMPLEXITY" missed="0" covered="1"/><counter type="METHOD" missed="0" covered="1"/></method><counter type="INSTRUCTION" missed="0" covered="43"/><counter type="BRANCH" missed="0" covered="2"/><counter type="LINE" missed="0" covered="10"/><counter type="COMPLEXITY" missed="0" covered="6"/><counter type="METHOD" missed="0" covered="5"/><counter type="CLASS" missed="0" covered="1"/></class><class name="com/syntifi/near/api/model/key/PrivateKey" sourcefilename="PrivateKey.java"><method name="&lt;init&gt;" desc="()V" line="21"><counter type="INSTRUCTION" missed="0" covered="7"/><counter type="LINE" missed="0" covered="3"/><counter type="COMPLEXITY" missed="0" covered="1"/><counter type="METHOD" missed="0" covered="1"/></method><method name="&lt;init&gt;" desc="(Lcom/syntifi/near/api/model/key/KeyType;[B)V" line="32"><counter type="INSTRUCTION" missed="0" covered="5"/><counter type="LINE" missed="0" covered="2"/><counter type="COMPLEXITY" missed="0" covered="1"/><counter type="METHOD" missed="0" covered="1"/></method><method name="getPrivateKey" desc="()Lcom/syntifi/crypto/key/AbstractPrivateKey;" line="36"><counter type="INSTRUCTION" missed="0" covered="23"/><counter type="BRANCH" missed="0" covered="2"/><counter type="LINE" missed="0" covered="3"/><counter type="COMPLEXITY" missed="0" covered="2"/><counter type="METHOD" missed="0" covered="1"/></method><method name="getPublicKeyFromJson" desc="(Ljava/lang/String;)Lcom/syntifi/near/api/model/key/PrivateKey;" line="44"><counter type="INSTRUCTION" missed="0" covered="5"/><counter type="LINE" missed="0" covered="1"/><counter type="COMPLEXITY" missed="0" covered="1"/><counter type="METHOD" missed="0" covered="1"/></method><method name="getJsonPublicKey" desc="()Ljava/lang/String;" line="49"><counter type="INSTRUCTION" missed="0" covered="3"/><counter type="LINE" missed="0" covered="1"/><counter type="COMPLEXITY" missed="0" covered="1"/><counter type="METHOD" missed="0" covered="1"/></method><counter type="INSTRUCTION" missed="0" covered="43"/><counter type="BRANCH" missed="0" covered="2"/><counter type="LINE" missed="0" covered="10"/><counter type="COMPLEXITY" missed="0" covered="6"/><counter type="METHOD" missed="0" covered="5"/><counter type="CLASS" missed="0" covered="1"/></class><class name="com/syntifi/near/api/model/key/Wallet" sourcefilename="Wallet.java"><method name="&lt;init&gt;" desc="()V" line="17"><counter type="INSTRUCTION" missed="0" covered="3"/><counter type="LINE" missed="0" covered="1"/><counter type="COMPLEXITY" missed="0" covered="1"/><counter type="METHOD" missed="0" covered="1"/></method><counter type="INSTRUCTION" missed="0" covered="3"/><counter type="LINE" missed="0" covered="1"/><counter type="COMPLEXITY" missed="0" covered="1"/><counter type="METHOD" missed="0" covered="1"/><counter type="CLASS" missed="0" covered="1"/></class><class name="com/syntifi/near/api/model/key/KeyType" sourcefilename="KeyType.java"><method name="&lt;clinit&gt;" desc="()V" line="10"><counter type="INSTRUCTION" missed="0" covered="14"/><counter type="LINE" missed="0" covered="2"/><counter type="COMPLEXITY" missed="0" covered="1"/><counter type="METHOD" missed="0" covered="1"/></method><counter type="INSTRUCTION" missed="0" covered="14"/><counter type="LINE" missed="0" covered="2"/><counter type="COMPLEXITY" missed="0" covered="1"/><counter type="METHOD" missed="0" covered="1"/><counter type="CLASS" missed="0" covered="1"/></class><class name="com/syntifi/near/api/model/key/PrivateKey$PrivateKeyBuilder" sourcefilename="PrivateKey.java"/><class name="com/syntifi/near/api/model/key/PublicKey$PublicKeyBuilder" sourcefilename="PublicKey.java"/><class name="com/syntifi/near/api/model/key/KeySig" sourcefilename="KeySig.java"><method name="&lt;init&gt;" desc="(Lcom/syntifi/near/api/model/key/KeyType;[B)V" line="39"><counter type="INSTRUCTION" missed="0" covered="9"/><counter type="LINE" missed="0" covered="4"/><counter type="COMPLEXITY" missed="0" covered="1"/><counter type="METHOD" missed="0" covered="1"/></method><method name="fromEncodedBase58String" desc="(Ljava/lang/String;Ljava/lang/Class;)Lcom/syntifi/near/api/model/key/KeySig;" line="56"><counter type="INSTRUCTION" missed="0" covered="73"/><counter type="LINE" missed="0" covered="9"/><counter type="COMPLEXITY" missed="0" covered="1"/><counter type="METHOD" missed="0" covered="1"/></method><method name="toEncodedBase58String" desc="()Ljava/lang/String;" line="73"><counter type="INSTRUCTION" missed="0" covered="14"/><counter type="LINE" missed="0" covered="1"/><counter type="COMPLEXITY" missed="0" covered="1"/><counter type="METHOD" missed="0" covered="1"/></method><method name="toString" desc="()Ljava/lang/String;" line="78"><counter type="INSTRUCTION" missed="0" covered="4"/><counter type="LINE" missed="0" covered="1"/><counter type="COMPLEXITY" missed="0" covered="1"/><counter type="METHOD" missed="0" covered="1"/></method><counter type="INSTRUCTION" missed="0" covered="100"/><counter type="LINE" missed="0" covered="15"/><counter type="COMPLEXITY" missed="0" covered="4"/><counter type="METHOD" missed="0" covered="4"/><counter type="CLASS" missed="0" covered="1"/></class><class name="com/syntifi/near/api/model/key/Signature$SignatureBuilder" sourcefilename="Signature.java"/><sourcefile name="Signature.java"><line nr="21" mi="0" ci="2" mb="0" cb="0"/><line nr="27" mi="0" ci="4" mb="0" cb="0"/><line nr="28" mi="0" ci="1" mb="0" cb="0"/><line nr="32" mi="0" ci="4" mb="0" cb="0"/><line nr="33" mi="0" ci="1" mb="0" cb="0"/><line nr="37" mi="0" ci="5" mb="0" cb="0"/><line nr="42" mi="0" ci="3" mb="0" cb="0"/><counter type="INSTRUCTION" missed="0" covered="20"/><counter type="LINE" missed="0" covered="7"/><counter type="COMPLEXITY" missed="0" covered="4"/><counter type="METHOD" missed="0" covered="4"/><counter type="CLASS" missed="0" covered="1"/></sourcefile><sourcefile name="PublicKey.java"><line nr="24" mi="0" ci="2" mb="0" cb="0"/><line nr="30" mi="0" ci="4" mb="0" cb="0"/><line nr="31" mi="0" ci="1" mb="0" cb="0"/><line nr="41" mi="0" ci="4" mb="0" cb="0"/><line nr="42" mi="0" ci="1" mb="0" cb="0"/><line nr="45" mi="0" ci="4" mb="0" cb="2"/><line nr="46" mi="0" ci="6" mb="0" cb="0"/><line nr="48" mi="0" ci="13" mb="0" cb="0"/><line nr="53" mi="0" ci="5" mb="0" cb="0"/><line nr="58" mi="0" ci="3" mb="0" cb="0"/><counter type="INSTRUCTION" missed="0" covered="43"/><counter type="BRANCH" missed="0" covered="2"/><counter type="LINE" missed="0" covered="10"/><counter type="COMPLEXITY" missed="0" covered="6"/><counter type="METHOD" missed="0" covered="5"/><counter type="CLASS" missed="0" covered="1"/></sourcefile><sourcefile name="Wallet.java"><line nr="17" mi="0" ci="3" mb="0" cb="0"/><counter type="INSTRUCTION" missed="0" covered="3"/><counter type="LINE" missed="0" covered="1"/><counter type="COMPLEXITY" missed="0" covered="1"/><counter type="METHOD" missed="0" covered="1"/><counter type="CLASS" missed="0" covered="1"/></sourcefile><sourcefile name="KeySig.java"><line nr="39" mi="0" ci="2" mb="0" cb="0"/><line nr="40" mi="0" ci="3" mb="0" cb="0"/><line nr="41" mi="0" ci="3" mb="0" cb="0"/><line nr="42" mi="0" ci="1" mb="0" cb="0"/><line nr="56" mi="0" ci="5" mb="0" cb="0"/><line nr="58" mi="0" ci="6" mb="0" cb="0"/><line nr="59" mi="0" ci="1" mb="0" cb="0"/><line nr="60" mi="0" ci="15" mb="0" cb="0"/><line nr="61" mi="0" ci="1" mb="0" cb="0"/><line nr="63" mi="0" ci="5" mb="0" cb="0"/><line nr="66" mi="0" ci="25" mb="0" cb="0"/><line nr="67" mi="0" ci="1" mb="0" cb="0"/><line nr="68" mi="0" ci="14" mb="0" cb="0"/><line nr="73" mi="0" ci="14" mb="0" cb="0"/><line nr="78" mi="0" ci="4" mb="0" cb="0"/><counter type="INSTRUCTION" missed="0" covered="100"/><counter type="LINE" missed="0" covered="15"/><counter type="COMPLEXITY" missed="0" covered="4"/><counter type="METHOD" missed="0" covered="4"/><counter type="CLASS" missed="0" covered="1"/></sourcefile><sourcefile name="KeyType.java"><line nr="10" mi="0" ci="8" mb="0" cb="0"/><line nr="11" mi="0" ci="6" mb="0" cb="0"/><counter type="INSTRUCTION" missed="0" covered="14"/><counter type="LINE" missed="0" covered="2"/><counter type="COMPLEXITY" missed="0" covered="1"/><counter type="METHOD" missed="0" covered="1"/><counter type="CLASS" missed="0" covered="1"/></sourcefile><sourcefile name="PrivateKey.java"><line nr="21" mi="0" ci="2" mb="0" cb="0"/><line nr="27" mi="0" ci="4" mb="0" cb="0"/><line nr="28" mi="0" ci="1" mb="0" cb="0"/><line nr="32" mi="0" ci="4" mb="0" cb="0"/><line nr="33" mi="0" ci="1" mb="0" cb="0"/><line nr="36" mi="0" ci="4" mb="0" cb="2"/><line nr="37" mi="0" ci="6" mb="0" cb="0"/><line nr="39" mi="0" ci="13" mb="0" cb="0"/><line nr="44" mi="0" ci="5" mb="0" cb="0"/><line nr="49" mi="0" ci="3" mb="0" cb="0"/><counter type="INSTRUCTION" missed="0" covered="43"/><counter type="BRANCH" missed="0" covered="2"/><counter type="LINE" missed="0" covered="10"/><counter type="COMPLEXITY" missed="0" covered="6"/><counter type="METHOD" missed="0" covered="5"/><counter type="CLASS" missed="0" covered="1"/></sourcefile><counter type="INSTRUCTION" missed="0" covered="223"/><counter type="BRANCH" missed="0" covered="4"/><counter type="LINE" missed="0" covered="45"/><counter type="COMPLEXITY" missed="0" covered="22"/><counter type="METHOD" missed="0" covered="20"/><counter type="CLASS" missed="0" covered="6"/></package><package name="com/syntifi/near/api/model/accesskey/permission"><class name="com/syntifi/near/api/model/accesskey/permission/FullAccessPermission" sourcefilename="FullAccessPermission.java"><method name="&lt;clinit&gt;" desc="()V" line="13"><counter type="INSTRUCTION" missed="0" covered="14"/><counter type="LINE" missed="0" covered="2"/><counter type="COMPLEXITY" missed="0" covered="1"/><counter type="METHOD" missed="0" covered="1"/></method><counter type="INSTRUCTION" missed="0" covered="14"/><counter type="LINE" missed="0" covered="2"/><counter type="COMPLEXITY" missed="0" covered="1"/><counter type="METHOD" missed="0" covered="1"/><counter type="CLASS" missed="0" covered="1"/></class><class name="com/syntifi/near/api/model/accesskey/permission/Permission" sourcefilename="Permission.java"/><class name="com/syntifi/near/api/model/accesskey/permission/FunctionCallPermissionData$FunctionCallPermissionDataBuilder" sourcefilename="FunctionCallPermissionData.java"/><class name="com/syntifi/near/api/model/accesskey/permission/PermissionTypeData" sourcefilename="PermissionTypeData.java"><method name="&lt;init&gt;" desc="(Ljava/lang/String;ILjava/lang/String;Ljava/lang/Class;)V" line="21"><counter type="INSTRUCTION" missed="0" covered="11"/><counter type="LINE" missed="0" covered="4"/><counter type="COMPLEXITY" missed="0" covered="1"/><counter type="METHOD" missed="0" covered="1"/></method><method name="getClassByName" desc="(Ljava/lang/String;)Ljava/lang/Class;" line="34"><counter type="INSTRUCTION" missed="0" covered="36"/><counter type="BRANCH" missed="0" covered="4"/><counter type="LINE" missed="0" covered="4"/><counter type="COMPLEXITY" missed="0" covered="3"/><counter type="METHOD" missed="0" covered="1"/></method><method name="&lt;clinit&gt;" desc="()V" line="13"><counter type="INSTRUCTION" missed="0" covered="28"/><counter type="LINE" missed="0" covered="3"/><counter type="COMPLEXITY" missed="0" covered="1"/><counter type="METHOD" missed="0" covered="1"/></method><counter type="INSTRUCTION" missed="0" covered="75"/><counter type="BRANCH" missed="0" covered="4"/><counter type="LINE" missed="0" covered="11"/><counter type="COMPLEXITY" missed="0" covered="5"/><counter type="METHOD" missed="0" covered="3"/><counter type="CLASS" missed="0" covered="1"/></class><class name="com/syntifi/near/api/model/accesskey/permission/FunctionCallPermission$FunctionCallPermissionBuilder" sourcefilename="FunctionCallPermission.java"/><class name="com/syntifi/near/api/model/accesskey/permission/FunctionCallPermission" sourcefilename="FunctionCallPermission.java"/><class name="com/syntifi/near/api/model/accesskey/permission/FunctionCallPermissionData" sourcefilename="FunctionCallPermissionData.java"/><sourcefile name="Permission.java"/><sourcefile name="FunctionCallPermission.java"/><sourcefile name="PermissionTypeData.java"><line nr="13" mi="0" ci="12" mb="0" cb="0"/><line nr="15" mi="0" ci="8" mb="0" cb="0"/><line nr="16" mi="0" ci="8" mb="0" cb="0"/><line nr="21" mi="0" ci="4" mb="0" cb="0"/><line nr="22" mi="0" ci="3" mb="0" cb="0"/><line nr="23" mi="0" ci="3" mb="0" cb="0"/><line nr="24" mi="0" ci="1" mb="0" cb="0"/><line nr="34" mi="0" ci="16" mb="0" cb="2"/><line nr="35" mi="0" ci="5" mb="0" cb="2"/><line nr="36" mi="0" ci="3" mb="0" cb="0"/><line nr="39" mi="0" ci="12" mb="0" cb="0"/><counter type="INSTRUCTION" missed="0" covered="75"/><counter type="BRANCH" missed="0" covered="4"/><counter type="LINE" missed="0" covered="11"/><counter type="COMPLEXITY" missed="0" covered="5"/><counter type="METHOD" missed="0" covered="3"/><counter type="CLASS" missed="0" covered="1"/></sourcefile><sourcefile name="FunctionCallPermissionData.java"/><sourcefile name="FullAccessPermission.java"><line nr="13" mi="0" ci="8" mb="0" cb="0"/><line nr="14" mi="0" ci="6" mb="0" cb="0"/><counter type="INSTRUCTION" missed="0" covered="14"/><counter type="LINE" missed="0" covered="2"/><counter type="COMPLEXITY" missed="0" covered="1"/><counter type="METHOD" missed="0" covered="1"/><counter type="CLASS" missed="0" covered="1"/></sourcefile><counter type="INSTRUCTION" missed="0" covered="89"/><counter type="BRANCH" missed="0" covered="4"/><counter type="LINE" missed="0" covered="13"/><counter type="COMPLEXITY" missed="0" covered="6"/><counter type="METHOD" missed="0" covered="4"/><counter type="CLASS" missed="0" covered="2"/></package><package name="com/syntifi/near/api/exception"><class name="com/syntifi/near/api/exception/NoSuchTypeException" sourcefilename="NoSuchTypeException.java"><method name="&lt;init&gt;" desc="(Ljava/lang/String;)V" line="12"><counter type="INSTRUCTION" missed="0" covered="4"/><counter type="LINE" missed="0" covered="2"/><counter type="COMPLEXITY" missed="0" covered="1"/><counter type="METHOD" missed="0" covered="1"/></method><method name="&lt;init&gt;" desc="(Ljava/lang/String;Ljava/lang/Throwable;)V" line="15"><counter type="INSTRUCTION" missed="0" covered="5"/><counter type="LINE" missed="0" covered="2"/><counter type="COMPLEXITY" missed="0" covered="1"/><counter type="METHOD" missed="0" covered="1"/></method><counter type="INSTRUCTION" missed="0" covered="9"/><counter type="LINE" missed="0" covered="4"/><counter type="COMPLEXITY" missed="0" covered="2"/><counter type="METHOD" missed="0" covered="2"/><counter type="CLASS" missed="0" covered="1"/></class><sourcefile name="NoSuchTypeException.java"><line nr="12" mi="0" ci="3" mb="0" cb="0"/><line nr="13" mi="0" ci="1" mb="0" cb="0"/><line nr="15" mi="0" ci="4" mb="0" cb="0"/><line nr="16" mi="0" ci="1" mb="0" cb="0"/><counter type="INSTRUCTION" missed="0" covered="9"/><counter type="LINE" missed="0" covered="4"/><counter type="COMPLEXITY" missed="0" covered="2"/><counter type="METHOD" missed="0" covered="2"/><counter type="CLASS" missed="0" covered="1"/></sourcefile><counter type="INSTRUCTION" missed="0" covered="9"/><counter type="LINE" missed="0" covered="4"/><counter type="COMPLEXITY" missed="0" covered="2"/><counter type="METHOD" missed="0" covered="2"/><counter type="CLASS" missed="0" covered="1"/></package><package name="com/syntifi/near/api/json/resolver"><class name="com/syntifi/near/api/json/resolver/PermissionResolver" sourcefilename="PermissionResolver.java"><method name="&lt;init&gt;" desc="()V" line="19"><counter type="INSTRUCTION" missed="0" covered="3"/><counter type="LINE" missed="0" covered="1"/><counter type="COMPLEXITY" missed="0" covered="1"/><counter type="METHOD" missed="0" covered="1"/></method><method name="buildTypeDeserializer" desc="(Lcom/fasterxml/jackson/databind/DeserializationConfig;Lcom/fasterxml/jackson/databind/JavaType;Ljava/util/Collection;)Lcom/fasterxml/jackson/databind/jsontype/TypeDeserializer;" line="23"><counter type="INSTRUCTION" missed="0" covered="11"/><counter type="LINE" missed="0" covered="1"/><counter type="COMPLEXITY" missed="0" covered="1"/><counter type="METHOD" missed="0" covered="1"/></method><counter type="INSTRUCTION" missed="0" covered="14"/><counter type="LINE" missed="0" covered="2"/><counter type="COMPLEXITY" missed="0" covered="2"/><counter type="METHOD" missed="0" covered="2"/><counter type="CLASS" missed="0" covered="1"/></class><sourcefile name="PermissionResolver.java"><line nr="19" mi="0" ci="3" mb="0" cb="0"/><line nr="23" mi="0" ci="11" mb="0" cb="0"/><counter type="INSTRUCTION" missed="0" covered="14"/><counter type="LINE" missed="0" covered="2"/><counter type="COMPLEXITY" missed="0" covered="2"/><counter type="METHOD" missed="0" covered="2"/><counter type="CLASS" missed="0" covered="1"/></sourcefile><counter type="INSTRUCTION" missed="0" covered="14"/><counter type="LINE" missed="0" covered="2"/><counter type="COMPLEXITY" missed="0" covered="2"/><counter type="METHOD" missed="0" covered="2"/><counter type="CLASS" missed="0" covered="1"/></package><package name="com/syntifi/near/api/json/deserializer"><class name="com/syntifi/near/api/json/deserializer/PermissionDeserializer" sourcefilename="PermissionDeserializer.java"><method name="&lt;init&gt;" desc="(Lcom/fasterxml/jackson/databind/JavaType;Lcom/fasterxml/jackson/databind/jsontype/TypeIdResolver;Ljava/lang/String;ZLcom/fasterxml/jackson/databind/JavaType;)V" line="22"><counter type="INSTRUCTION" missed="0" covered="8"/><counter type="LINE" missed="0" covered="2"/><counter type="COMPLEXITY" missed="0" covered="1"/><counter type="METHOD" missed="0" covered="1"/></method><method name="&lt;init&gt;" desc="(Lcom/fasterxml/jackson/databind/jsontype/impl/AsPropertyTypeDeserializer;Lcom/fasterxml/jackson/databind/BeanProperty;)V" line="26"><counter type="INSTRUCTION" missed="0" covered="5"/><counter type="LINE" missed="0" covered="2"/><counter type="COMPLEXITY" missed="0" covered="1"/><counter type="METHOD" missed="0" covered="1"/></method><method name="forProperty" desc="(Lcom/fasterxml/jackson/databind/BeanProperty;)Lcom/fasterxml/jackson/databind/jsontype/TypeDeserializer;" line="31"><counter type="INSTRUCTION" missed="0" covered="6"/><counter type="LINE" missed="0" covered="1"/><counter type="COMPLEXITY" missed="0" covered="1"/><counter type="METHOD" missed="0" covered="1"/></method><method name="getClassByName" desc="(Ljava/lang/String;)Ljava/lang/Class;" line="36"><counter type="INSTRUCTION" missed="0" covered="3"/><counter type="LINE" missed="0" covered="1"/><counter type="COMPLEXITY" missed="0" covered="1"/><counter type="METHOD" missed="0" covered="1"/></method><counter type="INSTRUCTION" missed="0" covered="22"/><counter type="LINE" missed="0" covered="6"/><counter type="COMPLEXITY" missed="0" covered="4"/><counter type="METHOD" missed="0" covered="4"/><counter type="CLASS" missed="0" covered="1"/></class><class name="com/syntifi/near/api/json/deserializer/AbstractAnyOfDeserializer" sourcefilename="AbstractAnyOfDeserializer.java"><method name="&lt;init&gt;" desc="(Lcom/fasterxml/jackson/databind/JavaType;Lcom/fasterxml/jackson/databind/jsontype/TypeIdResolver;Ljava/lang/String;ZLcom/fasterxml/jackson/databind/JavaType;)V" line="29"><counter type="INSTRUCTION" missed="0" covered="8"/><counter type="LINE" missed="0" covered="2"/><counter type="COMPLEXITY" missed="0" covered="1"/><counter type="METHOD" missed="0" covered="1"/></method><method name="&lt;init&gt;" desc="(Lcom/fasterxml/jackson/databind/jsontype/impl/AsPropertyTypeDeserializer;Lcom/fasterxml/jackson/databind/BeanProperty;)V" line="33"><counter type="INSTRUCTION" missed="0" covered="5"/><counter type="LINE" missed="0" covered="2"/><counter type="COMPLEXITY" missed="0" covered="1"/><counter type="METHOD" missed="0" covered="1"/></method><method name="deserializeTypedFromObject" desc="(Lcom/fasterxml/jackson/core/JsonParser;Lcom/fasterxml/jackson/databind/DeserializationContext;)Ljava/lang/Object;" line="39"><counter type="INSTRUCTION" missed="0" covered="63"/><counter type="BRANCH" missed="0" covered="2"/><counter type="LINE" missed="0" covered="13"/><counter type="COMPLEXITY" missed="0" covered="2"/><counter type="METHOD" missed="0" covered="1"/></method><method name="getTypeNode" desc="(Lcom/fasterxml/jackson/databind/JsonNode;)Lcom/fasterxml/jackson/databind/JsonNode;" line="67"><counter type="INSTRUCTION" missed="0" covered="2"/><counter type="LINE" missed="0" covered="1"/><counter type="COMPLEXITY" missed="0" covered="1"/><counter type="METHOD" missed="0" covered="1"/></method><counter type="INSTRUCTION" missed="0" covered="78"/><counter type="BRANCH" missed="0" covered="2"/><counter type="LINE" missed="0" covered="18"/><counter type="COMPLEXITY" missed="0" covered="5"/><counter type="METHOD" missed="0" covered="4"/><counter type="CLASS" missed="0" covered="1"/></class><sourcefile name="PermissionDeserializer.java"><line nr="22" mi="0" ci="7" mb="0" cb="0"/><line nr="23" mi="0" ci="1" mb="0" cb="0"/><line nr="26" mi="0" ci="4" mb="0" cb="0"/><line nr="27" mi="0" ci="1" mb="0" cb="0"/><line nr="31" mi="0" ci="6" mb="0" cb="0"/><line nr="36" mi="0" ci="3" mb="0" cb="0"/><counter type="INSTRUCTION" missed="0" covered="22"/><counter type="LINE" missed="0" covered="6"/><counter type="COMPLEXITY" missed="0" covered="4"/><counter type="METHOD" missed="0" covered="4"/><counter type="CLASS" missed="0" covered="1"/></sourcefile><sourcefile name="AbstractAnyOfDeserializer.java"><line nr="29" mi="0" ci="7" mb="0" cb="0"/><line nr="30" mi="0" ci="1" mb="0" cb="0"/><line nr="33" mi="0" ci="4" mb="0" cb="0"/><line nr="34" mi="0" ci="1" mb="0" cb="0"/><line nr="39" mi="0" ci="4" mb="0" cb="0"/><line nr="41" mi="0" ci="4" mb="0" cb="0"/><line nr="43" mi="0" ci="11" mb="0" cb="2"/><line nr="44" mi="0" ci="4" mb="0" cb="0"/><line nr="45" mi="0" ci="1" mb="0" cb="0"/><line nr="46" mi="0" ci="6" mb="0" cb="0"/><line nr="47" mi="0" ci="1" mb="0" cb="0"/><line nr="48" mi="0" ci="5" mb="0" cb="0"/><line nr="49" mi="0" ci="4" mb="0" cb="0"/><line nr="51" mi="0" ci="7" mb="0" cb="0"/><line nr="52" mi="0" ci="3" mb="0" cb="0"/><line nr="53" mi="0" ci="6" mb="0" cb="0"/><line nr="54" mi="0" ci="7" mb="0" cb="0"/><line nr="67" mi="0" ci="2" mb="0" cb="0"/><counter type="INSTRUCTION" missed="0" covered="78"/><counter type="BRANCH" missed="0" covered="2"/><counter type="LINE" missed="0" covered="18"/><counter type="COMPLEXITY" missed="0" covered="5"/><counter type="METHOD" missed="0" covered="4"/><counter type="CLASS" missed="0" covered="1"/></sourcefile><counter type="INSTRUCTION" missed="0" covered="100"/><counter type="BRANCH" missed="0" covered="2"/><counter type="LINE" missed="0" covered="24"/><counter type="COMPLEXITY" missed="0" covered="9"/><counter type="METHOD" missed="0" covered="8"/><counter type="CLASS" missed="0" covered="2"/></package><package name="com/syntifi/near/api/model/gas"><class name="com/syntifi/near/api/model/gas/GasPrice$GasPriceBuilder" sourcefilename="GasPrice.java"/><class name="com/syntifi/near/api/model/gas/GasPrice" sourcefilename="GasPrice.java"/><sourcefile name="GasPrice.java"/></package><package name="com/syntifi/near/api/model/network"><class name="com/syntifi/near/api/model/network/SyncInfo" sourcefilename="SyncInfo.java"/><class name="com/syntifi/near/api/model/network/NetworkInfo" sourcefilename="NetworkInfo.java"/><class name="com/syntifi/near/api/model/network/Validator" sourcefilename="Validator.java"/><class name="com/syntifi/near/api/model/network/Producer" sourcefilename="Producer.java"/><class name="com/syntifi/near/api/model/network/SyncInfo$SyncInfoBuilder" sourcefilename="SyncInfo.java"/><class name="com/syntifi/near/api/model/network/ValidationStatus" sourcefilename="ValidationStatus.java"/><class name="com/syntifi/near/api/model/network/NotEnoughChunksReason$NotEnoughChunksReasonBuilder" sourcefilename="NotEnoughChunksReason.java"/><class name="com/syntifi/near/api/model/network/PrevEpochKickout$PrevEpochKickoutBuilder" sourcefilename="PrevEpochKickout.java"/><class name="com/syntifi/near/api/model/network/NotEnoughBlocksReason$NotEnoughBlocksReasonBuilder" sourcefilename="NotEnoughBlocksReason.java"/><class name="com/syntifi/near/api/model/network/Version$VersionBuilder" sourcefilename="Version.java"/><class name="com/syntifi/near/api/model/network/Peer$PeerBuilder" sourcefilename="Peer.java"/><class name="com/syntifi/near/api/model/network/NotEnoughChunksReason" sourcefilename="NotEnoughChunksReason.java"/><class name="com/syntifi/near/api/model/network/Fisherman$FishermanBuilder" sourcefilename="Fisherman.java"/><class name="com/syntifi/near/api/model/network/Peer" sourcefilename="Peer.java"/><class name="com/syntifi/near/api/model/network/NodeStatus" sourcefilename="NodeStatus.java"/><class name="com/syntifi/near/api/model/network/Producer$ProducerBuilder" sourcefilename="Producer.java"/><class name="com/syntifi/near/api/model/network/Validator$ValidatorBuilder" sourcefilename="Validator.java"/><class name="com/syntifi/near/api/model/network/NodeStatus$NodeStatusBuilder" sourcefilename="NodeStatus.java"/><class name="com/syntifi/near/api/model/network/PrevEpochKickout$Reason" sourcefilename="PrevEpochKickout.java"><method name="&lt;init&gt;" desc="()V" line="27"><counter type="INSTRUCTION" missed="0" covered="3"/><counter type="LINE" missed="0" covered="1"/><counter type="COMPLEXITY" missed="0" covered="1"/><counter type="METHOD" missed="0" covered="1"/></method><counter type="INSTRUCTION" missed="0" covered="3"/><counter type="LINE" missed="0" covered="1"/><counter type="COMPLEXITY" missed="0" covered="1"/><counter type="METHOD" missed="0" covered="1"/><counter type="CLASS" missed="0" covered="1"/></class><class name="com/syntifi/near/api/model/network/Version" sourcefilename="Version.java"/><class name="com/syntifi/near/api/model/network/ValidationStatus$ValidationStatusBuilder" sourcefilename="ValidationStatus.java"/><class name="com/syntifi/near/api/model/network/Fisherman" sourcefilename="Fisherman.java"/><class name="com/syntifi/near/api/model/network/PrevEpochKickout" sourcefilename="PrevEpochKickout.java"/><class name="com/syntifi/near/api/model/network/CurrentProposal$CurrentProposalBuilder" sourcefilename="CurrentProposal.java"/><class name="com/syntifi/near/api/model/network/Reason" sourcefilename="Reason.java"/><class name="com/syntifi/near/api/model/network/NetworkInfo$NetworkInfoBuilder" sourcefilename="NetworkInfo.java"/><class name="com/syntifi/near/api/model/network/CurrentProposal" sourcefilename="CurrentProposal.java"/><class name="com/syntifi/near/api/model/network/PrevEpochKickout$Reason$NotEnough" sourcefilename="PrevEpochKickout.java"><method name="&lt;init&gt;" desc="()V" line="30"><counter type="INSTRUCTION" missed="0" covered="3"/><counter type="LINE" missed="0" covered="1"/><counter type="COMPLEXITY" missed="0" covered="1"/><counter type="METHOD" missed="0" covered="1"/></method><counter type="INSTRUCTION" missed="0" covered="3"/><counter type="LINE" missed="0" covered="1"/><counter type="COMPLEXITY" missed="0" covered="1"/><counter type="METHOD" missed="0" covered="1"/><counter type="CLASS" missed="0" covered="1"/></class><class name="com/syntifi/near/api/model/network/NotEnoughBlocksReason" sourcefilename="NotEnoughBlocksReason.java"/><sourcefile name="ValidationStatus.java"/><sourcefile name="NotEnoughChunksReason.java"/><sourcefile name="Reason.java"/><sourcefile name="Producer.java"/><sourcefile name="NotEnoughBlocksReason.java"/><sourcefile name="Validator.java"/><sourcefile name="PrevEpochKickout.java"><line nr="27" mi="0" ci="3" mb="0" cb="0"/><line nr="30" mi="0" ci="3" mb="0" cb="0"/><counter type="INSTRUCTION" missed="0" covered="6"/><counter type="LINE" missed="0" covered="2"/><counter type="COMPLEXITY" missed="0" covered="2"/><counter type="METHOD" missed="0" covered="2"/><counter type="CLASS" missed="0" covered="2"/></sourcefile><sourcefile name="SyncInfo.java"/><sourcefile name="CurrentProposal.java"/><sourcefile name="Peer.java"/><sourcefile name="Fisherman.java"/><sourcefile name="Version.java"/><sourcefile name="NetworkInfo.java"/><sourcefile name="NodeStatus.java"/><counter type="INSTRUCTION" missed="0" covered="6"/><counter type="LINE" missed="0" covered="2"/><counter type="COMPLEXITY" missed="0" covered="2"/><counter type="METHOD" missed="0" covered="2"/><counter type="CLASS" missed="0" covered="2"/></package><package name="com/syntifi/near/api/model/accesskey"><class name="com/syntifi/near/api/model/accesskey/AccessKeyChangeDetails" sourcefilename="AccessKeyChangeDetails.java"/><class name="com/syntifi/near/api/model/accesskey/AccessKeyChangeDetails$AccessKeyChangeDetailsBuilder" sourcefilename="AccessKeyChangeDetails.java"/><class name="com/syntifi/near/api/model/accesskey/AccessKeyChange$AccessKeyChangeBuilder" sourcefilename="AccessKeyChange.java"/><class name="com/syntifi/near/api/model/accesskey/Key" sourcefilename="Key.java"/><class name="com/syntifi/near/api/model/accesskey/AccessKeyList" sourcefilename="AccessKeyList.java"/><class name="com/syntifi/near/api/model/accesskey/AccessKeyChanges$AccessKeyChangesBuilder" sourcefilename="AccessKeyChanges.java"/><class name="com/syntifi/near/api/model/accesskey/AccessKeyChange" sourcefilename="AccessKeyChange.java"/><class name="com/syntifi/near/api/model/accesskey/AccessKeyList$AccessKeyListBuilder" sourcefilename="AccessKeyList.java"/><class name="com/syntifi/near/api/model/accesskey/AccessKeyChanges" sourcefilename="AccessKeyChanges.java"/><class name="com/syntifi/near/api/model/accesskey/AccessKey" sourcefilename="AccessKey.java"/><class name="com/syntifi/near/api/model/accesskey/AccessKeyListItem" sourcefilename="AccessKeyListItem.java"/><class name="com/syntifi/near/api/model/accesskey/AccessKeyListItem$AccessKeyListItemBuilder" sourcefilename="AccessKeyListItem.java"/><sourcefile name="AccessKeyListItem.java"/><sourcefile name="AccessKeyChanges.java"/><sourcefile name="AccessKeyChangeDetails.java"/><sourcefile name="AccessKeyList.java"/><sourcefile name="Key.java"/><sourcefile name="AccessKey.java"/><sourcefile name="AccessKeyChange.java"/></package><package name="com/syntifi/near/api/model/transaction"><class name="com/syntifi/near/api/model/transaction/Action" sourcefilename="Action.java"/><class name="com/syntifi/near/api/model/transaction/Receipt$ReceiptBuilder" sourcefilename="Receipt.java"/><class name="com/syntifi/near/api/model/transaction/ReceiptData$ReceiptDataBuilder" sourcefilename="ReceiptData.java"/><class name="com/syntifi/near/api/model/transaction/Receipt" sourcefilename="Receipt.java"/><class name="com/syntifi/near/api/model/transaction/StakeAction" sourcefilename="StakeAction.java"/><class name="com/syntifi/near/api/model/transaction/DeployContractAction$DeployContractActionBuilder" sourcefilename="DeployContractAction.java"/><class name="com/syntifi/near/api/model/transaction/GasProfile" sourcefilename="GasProfile.java"/><class name="com/syntifi/near/api/model/transaction/ReceiptAction" sourcefilename="ReceiptAction.java"/><class name="com/syntifi/near/api/model/transaction/TransactionOutcome$TransactionOutcomeBuilder" sourcefilename="TransactionOutcome.java"/><class name="com/syntifi/near/api/model/transaction/Proof$ProofBuilder" sourcefilename="Proof.java"/><class name="com/syntifi/near/api/model/transaction/Metadata$MetadataBuilder" sourcefilename="Metadata.java"/><class name="com/syntifi/near/api/model/transaction/StakeAction$StakeActionBuilder" sourcefilename="StakeAction.java"/><class name="com/syntifi/near/api/model/transaction/ReceiptOutcome$ReceiptOutcomeBuilder" sourcefilename="ReceiptOutcome.java"/><class name="com/syntifi/near/api/model/transaction/Status" sourcefilename="Status.java"/><class name="com/syntifi/near/api/model/transaction/SignedTransaction" sourcefilename="SignedTransaction.java"/><class name="com/syntifi/near/api/model/transaction/Metadata" sourcefilename="Metadata.java"/><class name="com/syntifi/near/api/model/transaction/DeployContractAction" sourcefilename="DeployContractAction.java"/><class name="com/syntifi/near/api/model/transaction/Outcome$OutcomeBuilder" sourcefilename="Outcome.java"/><class name="com/syntifi/near/api/model/transaction/FunctionCallAction" sourcefilename="FunctionCallAction.java"/><class name="com/syntifi/near/api/model/transaction/SuccessReceiptIdStatus" sourcefilename="SuccessReceiptIdStatus.java"/><class name="com/syntifi/near/api/model/transaction/DeleteAccountAction" sourcefilename="DeleteAccountAction.java"/><class name="com/syntifi/near/api/model/transaction/ReceiptOutcome" sourcefilename="ReceiptOutcome.java"/><class name="com/syntifi/near/api/model/transaction/TransactionStatus" sourcefilename="TransactionStatus.java"/><class name="com/syntifi/near/api/model/transaction/Proof$Direction" sourcefilename="Proof.java"><method name="&lt;init&gt;" desc="(Ljava/lang/String;ILjava/lang/String;)V" line="33"><counter type="INSTRUCTION" missed="0" covered="8"/><counter type="LINE" missed="0" covered="3"/><counter type="COMPLEXITY" missed="0" covered="1"/><counter type="METHOD" missed="0" covered="1"/></method><method name="&lt;clinit&gt;" desc="()V" line="25"><counter type="INSTRUCTION" missed="0" covered="26"/><counter type="LINE" missed="0" covered="3"/><counter type="COMPLEXITY" missed="0" covered="1"/><counter type="METHOD" missed="0" covered="1"/></method><counter type="INSTRUCTION" missed="0" covered="34"/><counter type="LINE" missed="0" covered="6"/><counter type="COMPLEXITY" missed="0" covered="2"/><counter type="METHOD" missed="0" covered="2"/><counter type="CLASS" missed="0" covered="1"/></class><class name="com/syntifi/near/api/model/transaction/Transaction" sourcefilename="Transaction.java"/><class name="com/syntifi/near/api/model/transaction/SignedTransaction$SignedTransactionBuilder" sourcefilename="SignedTransaction.java"/><class name="com/syntifi/near/api/model/transaction/AddKeyAction$AddKeyActionBuilder" sourcefilename="AddKeyAction.java"/><class name="com/syntifi/near/api/model/transaction/ReceiptAction$ReceiptActionBuilder" sourcefilename="ReceiptAction.java"/><class name="com/syntifi/near/api/model/transaction/TransactionAwait" sourcefilename="TransactionAwait.java"/><class name="com/syntifi/near/api/model/transaction/TransactionAwait$TransactionAwaitBuilder" sourcefilename="TransactionAwait.java"/><class name="com/syntifi/near/api/model/transaction/FunctionCallAction$FunctionCallActionBuilder" sourcefilename="FunctionCallAction.java"/><class name="com/syntifi/near/api/model/transaction/TransferAction" sourcefilename="TransferAction.java"><method name="getJsonDeposit" desc="()Ljava/lang/String;" line="42"><counter type="INSTRUCTION" missed="0" covered="4"/><counter type="LINE" missed="0" covered="1"/><counter type="COMPLEXITY" missed="0" covered="1"/><counter type="METHOD" missed="0" covered="1"/></method><counter type="INSTRUCTION" missed="0" covered="4"/><counter type="LINE" missed="0" covered="1"/><counter type="COMPLEXITY" missed="0" covered="1"/><counter type="METHOD" missed="0" covered="1"/><counter type="CLASS" missed="0" covered="1"/></class><class name="com/syntifi/near/api/model/transaction/GasProfile$GasProfileBuilder" sourcefilename="GasProfile.java"/><class name="com/syntifi/near/api/model/transaction/TransactionStatus$TransactionStatusBuilder" sourcefilename="TransactionStatus.java"/><class name="com/syntifi/near/api/model/transaction/ReceiptData" sourcefilename="ReceiptData.java"/><class name="com/syntifi/near/api/model/transaction/CostType" sourcefilename="CostType.java"><method name="&lt;clinit&gt;" desc="()V" line="10"><counter type="INSTRUCTION" missed="0" covered="264"/><counter type="LINE" missed="0" covered="27"/><counter type="COMPLEXITY" missed="0" covered="1"/><counter type="METHOD" missed="0" covered="1"/></method><counter type="INSTRUCTION" missed="0" covered="264"/><counter type="LINE" missed="0" covered="27"/><counter type="COMPLEXITY" missed="0" covered="1"/><counter type="METHOD" missed="0" covered="1"/><counter type="CLASS" missed="0" covered="1"/></class><class name="com/syntifi/near/api/model/transaction/CreateAccountAction$CreateAccountActionBuilder" sourcefilename="CreateAccountAction.java"/><class name="com/syntifi/near/api/model/transaction/DeleteKeyAction" sourcefilename="DeleteKeyAction.java"/><class name="com/syntifi/near/api/model/transaction/DeleteAccountAction$DeleteAccountActionBuilder" sourcefilename="DeleteAccountAction.java"/><class name="com/syntifi/near/api/model/transaction/TransactionOutcome" sourcefilename="TransactionOutcome.java"/><class name="com/syntifi/near/api/model/transaction/Outcome" sourcefilename="Outcome.java"/><class name="com/syntifi/near/api/model/transaction/SuccessValueStatus" sourcefilename="SuccessValueStatus.java"/><class name="com/syntifi/near/api/model/transaction/Transaction$TransactionBuilder" sourcefilename="Transaction.java"/><class name="com/syntifi/near/api/model/transaction/Proof" sourcefilename="Proof.java"/><class name="com/syntifi/near/api/model/transaction/CreateAccountAction" sourcefilename="CreateAccountAction.java"/><class name="com/syntifi/near/api/model/transaction/AddKeyAction" sourcefilename="AddKeyAction.java"/><class name="com/syntifi/near/api/model/transaction/SuccessValueStatus$SuccessValueStatusBuilder" sourcefilename="SuccessValueStatus.java"/><class name="com/syntifi/near/api/model/transaction/TransferAction$TransferActionBuilder" sourcefilename="TransferAction.java"/><class name="com/syntifi/near/api/model/transaction/DeleteKeyAction$DeleteKeyActionBuilder" sourcefilename="DeleteKeyAction.java"/><class name="com/syntifi/near/api/model/transaction/SuccessReceiptIdStatus$SuccessReceiptIdStatusBuilder" sourcefilename="SuccessReceiptIdStatus.java"/><sourcefile name="CreateAccountAction.java"/><sourcefile name="Status.java"/><sourcefile name="DeployContractAction.java"/><sourcefile name="SignedTransaction.java"/><sourcefile name="TransactionAwait.java"/><sourcefile name="DeleteKeyAction.java"/><sourcefile name="SuccessReceiptIdStatus.java"/><sourcefile name="TransferAction.java"><line nr="42" mi="0" ci="4" mb="0" cb="0"/><counter type="INSTRUCTION" missed="0" covered="4"/><counter type="LINE" missed="0" covered="1"/><counter type="COMPLEXITY" missed="0" covered="1"/><counter type="METHOD" missed="0" covered="1"/><counter type="CLASS" missed="0" covered="1"/></sourcefile><sourcefile name="DeleteAccountAction.java"/><sourcefile name="AddKeyAction.java"/><sourcefile name="Metadata.java"/><sourcefile name="GasProfile.java"/><sourcefile name="CostType.java"><line nr="10" mi="0" ci="108" mb="0" cb="0"/><line nr="11" mi="0" ci="6" mb="0" cb="0"/><line nr="12" mi="0" ci="6" mb="0" cb="0"/><line nr="13" mi="0" ci="6" mb="0" cb="0"/><line nr="14" mi="0" ci="6" mb="0" cb="0"/><line nr="15" mi="0" ci="6" mb="0" cb="0"/><line nr="16" mi="0" ci="6" mb="0" cb="0"/><line nr="17" mi="0" ci="6" mb="0" cb="0"/><line nr="18" mi="0" ci="6" mb="0" cb="0"/><line nr="19" mi="0" ci="6" mb="0" cb="0"/><line nr="20" mi="0" ci="6" mb="0" cb="0"/><line nr="21" mi="0" ci="6" mb="0" cb="0"/><line nr="22" mi="0" ci="6" mb="0" cb="0"/><line nr="23" mi="0" ci="6" mb="0" cb="0"/><line nr="24" mi="0" ci="6" mb="0" cb="0"/><line nr="25" mi="0" ci="6" mb="0" cb="0"/><line nr="26" mi="0" ci="6" mb="0" cb="0"/><line nr="27" mi="0" ci="6" mb="0" cb="0"/><line nr="28" mi="0" ci="6" mb="0" cb="0"/><line nr="29" mi="0" ci="6" mb="0" cb="0"/><line nr="30" mi="0" ci="6" mb="0" cb="0"/><line nr="31" mi="0" ci="6" mb="0" cb="0"/><line nr="32" mi="0" ci="6" mb="0" cb="0"/><line nr="33" mi="0" ci="6" mb="0" cb="0"/><line nr="34" mi="0" ci="6" mb="0" cb="0"/><line nr="35" mi="0" ci="6" mb="0" cb="0"/><line nr="36" mi="0" ci="6" mb="0" cb="0"/><counter type="INSTRUCTION" missed="0" covered="264"/><counter type="LINE" missed="0" covered="27"/><counter type="COMPLEXITY" missed="0" covered="1"/><counter type="METHOD" missed="0" covered="1"/><counter type="CLASS" missed="0" covered="1"/></sourcefile><sourcefile name="TransactionOutcome.java"/><sourcefile name="Proof.java"><line nr="25" mi="0" ci="12" mb="0" cb="0"/><line nr="26" mi="0" ci="7" mb="0" cb="0"/><line nr="27" mi="0" ci="7" mb="0" cb="0"/><line nr="33" mi="0" ci="4" mb="0" cb="0"/><line nr="34" mi="0" ci="3" mb="0" cb="0"/><line nr="35" mi="0" ci="1" mb="0" cb="0"/><counter type="INSTRUCTION" missed="0" covered="34"/><counter type="LINE" missed="0" covered="6"/><counter type="COMPLEXITY" missed="0" covered="2"/><counter type="METHOD" missed="0" covered="2"/><counter type="CLASS" missed="0" covered="1"/></sourcefile><sourcefile name="Receipt.java"/><sourcefile name="ReceiptAction.java"/><sourcefile name="TransactionStatus.java"/><sourcefile name="StakeAction.java"/><sourcefile name="ReceiptData.java"/><sourcefile name="Transaction.java"/><sourcefile name="Outcome.java"/><sourcefile name="SuccessValueStatus.java"/><sourcefile name="Action.java"/><sourcefile name="ReceiptOutcome.java"/><sourcefile name="FunctionCallAction.java"/><counter type="INSTRUCTION" missed="0" covered="302"/><counter type="LINE" missed="0" covered="34"/><counter type="COMPLEXITY" missed="0" covered="4"/><counter type="METHOD" missed="0" covered="4"/><counter type="CLASS" missed="0" covered="3"/></package><package name="com/syntifi/near/api/service/exception"><class name="com/syntifi/near/api/service/exception/NearServiceErrorData" sourcefilename="NearServiceErrorData.java"/><class name="com/syntifi/near/api/service/exception/NearServiceException" sourcefilename="NearServiceException.java"><method name="&lt;init&gt;" desc="(Lcom/syntifi/near/api/service/exception/NearServiceErrorData;)V" line="17"><counter type="INSTRUCTION" missed="0" covered="27"/><counter type="LINE" missed="0" covered="3"/><counter type="COMPLEXITY" missed="0" covered="1"/><counter type="METHOD" missed="0" covered="1"/></method><method name="&lt;init&gt;" desc="(Ljava/lang/String;Ljava/lang/Throwable;)V" line="22"><counter type="INSTRUCTION" missed="0" covered="8"/><counter type="LINE" missed="0" covered="3"/><counter type="COMPLEXITY" missed="0" covered="1"/><counter type="METHOD" missed="0" covered="1"/></method><counter type="INSTRUCTION" missed="0" covered="35"/><counter type="LINE" missed="0" covered="6"/><counter type="COMPLEXITY" missed="0" covered="2"/><counter type="METHOD" missed="0" covered="2"/><counter type="CLASS" missed="0" covered="1"/></class><class name="com/syntifi/near/api/service/exception/NearServiceExceptionResolver" sourcefilename="NearServiceExceptionResolver.java"><method name="&lt;init&gt;" desc="()V" line="17"><counter type="INSTRUCTION" missed="0" covered="3"/><counter type="LINE" missed="0" covered="1"/><counter type="COMPLEXITY" missed="0" covered="1"/><counter type="METHOD" missed="0" covered="1"/></method><method name="resolveException" desc="(Lcom/fasterxml/jackson/databind/node/ObjectNode;)Ljava/lang/Throwable;" line="23"><counter type="INSTRUCTION" missed="0" covered="29"/><counter type="LINE" missed="0" covered="5"/><counter type="COMPLEXITY" missed="0" covered="1"/><counter type="METHOD" missed="0" covered="1"/></method><method name="&lt;clinit&gt;" desc="()V" line="18"><counter type="INSTRUCTION" missed="0" covered="5"/><counter type="LINE" missed="0" covered="1"/><counter type="COMPLEXITY" missed="0" covered="1"/><counter type="METHOD" missed="0" covered="1"/></method><counter type="INSTRUCTION" missed="0" covered="37"/><counter type="LINE" missed="0" covered="7"/><counter type="COMPLEXITY" missed="0" covered="3"/><counter type="METHOD" missed="0" covered="3"/><counter type="CLASS" missed="0" covered="1"/></class><sourcefile name="NearServiceErrorData.java"/><sourcefile name="NearServiceExceptionResolver.java"><line nr="17" mi="0" ci="3" mb="0" cb="0"/><line nr="18" mi="0" ci="5" mb="0" cb="0"/><line nr="23" mi="0" ci="4" mb="0" cb="0"/><line nr="24" mi="0" ci="6" mb="0" cb="0"/><line nr="25" mi="0" ci="5" mb="0" cb="0"/><line nr="26" mi="0" ci="1" mb="0" cb="0"/><line nr="27" mi="0" ci="13" mb="0" cb="0"/><counter type="INSTRUCTION" missed="0" covered="37"/><counter type="LINE" missed="0" covered="7"/><counter type="COMPLEXITY" missed="0" covered="3"/><counter type="METHOD" missed="0" covered="3"/><counter type="CLASS" missed="0" covered="1"/></sourcefile><sourcefile name="NearServiceException.java"><line nr="17" mi="0" ci="23" mb="0" cb="0"/><line nr="18" mi="0" ci="3" mb="0" cb="0"/><line nr="19" mi="0" ci="1" mb="0" cb="0"/><line nr="22" mi="0" ci="4" mb="0" cb="0"/><line nr="23" mi="0" ci="3" mb="0" cb="0"/><line nr="24" mi="0" ci="1" mb="0" cb="0"/><counter type="INSTRUCTION" missed="0" covered="35"/><counter type="LINE" missed="0" covered="6"/><counter type="COMPLEXITY" missed="0" covered="2"/><counter type="METHOD" missed="0" covered="2"/><counter type="CLASS" missed="0" covered="1"/></sourcefile><counter type="INSTRUCTION" missed="0" covered="72"/><counter type="LINE" missed="0" covered="13"/><counter type="COMPLEXITY" missed="0" covered="5"/><counter type="METHOD" missed="0" covered="5"/><counter type="CLASS" missed="0" covered="2"/></package><package name="com/syntifi/near/api/model/identifier"><class name="com/syntifi/near/api/model/identifier/Finality" sourcefilename="Finality.java"><method name="&lt;init&gt;" desc="(Ljava/lang/String;ILjava/lang/String;)V" line="21"><counter type="INSTRUCTION" missed="0" covered="8"/><counter type="LINE" missed="0" covered="3"/><counter type="COMPLEXITY" missed="0" covered="1"/><counter type="METHOD" missed="0" covered="1"/></method><method name="toString" desc="()Ljava/lang/String;" line="28"><counter type="INSTRUCTION" missed="0" covered="3"/><counter type="LINE" missed="0" covered="1"/><counter type="COMPLEXITY" missed="0" covered="1"/><counter type="METHOD" missed="0" covered="1"/></method><method name="&lt;clinit&gt;" desc="()V" line="16"><counter type="INSTRUCTION" missed="0" covered="26"/><counter type="LINE" missed="0" covered="2"/><counter type="COMPLEXITY" missed="0" covered="1"/><counter type="METHOD" missed="0" covered="1"/></method><counter type="INSTRUCTION" missed="0" covered="37"/><counter type="LINE" missed="0" covered="6"/><counter type="COMPLEXITY" missed="0" covered="3"/><counter type="METHOD" missed="0" covered="3"/><counter type="CLASS" missed="0" covered="1"/></class><sourcefile name="Finality.java"><line nr="16" mi="0" ci="12" mb="0" cb="0"/><line nr="17" mi="0" ci="14" mb="0" cb="0"/><line nr="21" mi="0" ci="4" mb="0" cb="0"/><line nr="22" mi="0" ci="3" mb="0" cb="0"/><line nr="23" mi="0" ci="1" mb="0" cb="0"/><line nr="28" mi="0" ci="3" mb="0" cb="0"/><counter type="INSTRUCTION" missed="0" covered="37"/><counter type="LINE" missed="0" covered="6"/><counter type="COMPLEXITY" missed="0" covered="3"/><counter type="METHOD" missed="0" covered="3"/><counter type="CLASS" missed="0" covered="1"/></sourcefile><counter type="INSTRUCTION" missed="0" covered="37"/><counter type="LINE" missed="0" covered="6"/><counter type="COMPLEXITY" missed="0" covered="3"/><counter type="METHOD" missed="0" covered="3"/><counter type="CLASS" missed="0" covered="1"/></package><package name="com/syntifi/near/api/model/contract"><class name="com/syntifi/near/api/model/contract/ContractState" sourcefilename="ContractState.java"/><class name="com/syntifi/near/api/model/contract/ContractStateDetails$ContractStateDetailsBuilder" sourcefilename="ContractStateDetails.java"/><class name="com/syntifi/near/api/model/contract/ContractStateChangeDetails" sourcefilename="ContractStateChangeDetails.java"/><class name="com/syntifi/near/api/model/contract/ContractStateChangeDetails$ContractStateChangeDetailsBuilder" sourcefilename="ContractStateChangeDetails.java"/><class name="com/syntifi/near/api/model/contract/ContractStateChange" sourcefilename="ContractStateChange.java"/><class name="com/syntifi/near/api/model/contract/ContractCodeChangeDetails" sourcefilename="ContractCodeChangeDetails.java"/><class name="com/syntifi/near/api/model/contract/ContractStateChange$ContractStateChangeBuilder" sourcefilename="ContractStateChange.java"/><class name="com/syntifi/near/api/model/contract/ContractCode" sourcefilename="ContractCode.java"/><class name="com/syntifi/near/api/model/contract/ContractStateChanges$ContractStateChangesBuilder" sourcefilename="ContractStateChanges.java"/><class name="com/syntifi/near/api/model/contract/ContractCodeChange" sourcefilename="ContractCodeChange.java"/><class name="com/syntifi/near/api/model/contract/ContractCodeChanges$ContractCodeChangesBuilder" sourcefilename="ContractCodeChanges.java"/><class name="com/syntifi/near/api/model/contract/ContractState$ContractStateBuilder" sourcefilename="ContractState.java"/><class name="com/syntifi/near/api/model/contract/ContractCodeChanges" sourcefilename="ContractCodeChanges.java"/><class name="com/syntifi/near/api/model/contract/ContractCodeChangeDetails$ContractCodeChangeDetailsBuilder" sourcefilename="ContractCodeChangeDetails.java"/><class name="com/syntifi/near/api/model/contract/ContractStateChanges" sourcefilename="ContractStateChanges.java"/><class name="com/syntifi/near/api/model/contract/ContractFunctionCallResult$ContractFunctionCallResultBuilder" sourcefilename="ContractFunctionCallResult.java"/><class name="com/syntifi/near/api/model/contract/ContractStateDetails" sourcefilename="ContractStateDetails.java"/><class name="com/syntifi/near/api/model/contract/ContractFunctionCallResult" sourcefilename="ContractFunctionCallResult.java"/><class name="com/syntifi/near/api/model/contract/ContractCode$ContractCodeBuilder" sourcefilename="ContractCode.java"/><class name="com/syntifi/near/api/model/contract/ContractCodeChange$ContractCodeChangeBuilder" sourcefilename="ContractCodeChange.java"/><sourcefile name="ContractStateChanges.java"/><sourcefile name="ContractCodeChangeDetails.java"/><sourcefile name="ContractStateDetails.java"/><sourcefile name="ContractCodeChanges.java"/><sourcefile name="ContractStateChange.java"/><sourcefile name="ContractStateChangeDetails.java"/><sourcefile name="ContractCode.java"/><sourcefile name="ContractCodeChange.java"/><sourcefile name="ContractFunctionCallResult.java"/><sourcefile name="ContractState.java"/></package><package name="com/syntifi/near/api/json"><class name="com/syntifi/near/api/json/JsonHelper" sourcefilename="JsonHelper.java"><method name="&lt;init&gt;" desc="()V" line="21"><counter type="INSTRUCTION" missed="3" covered="0"/><counter type="LINE" missed="1" covered="0"/><counter type="COMPLEXITY" missed="1" covered="0"/><counter type="METHOD" missed="1" covered="0"/></method><method name="loadJsonFromFile" desc="(Ljava/io/File;)Ljava/lang/String;" line="33"><counter type="INSTRUCTION" missed="0" covered="30"/><counter type="BRANCH" missed="0" covered="2"/><counter type="LINE" missed="0" covered="7"/><counter type="COMPLEXITY" missed="0" covered="2"/><counter type="METHOD" missed="0" covered="1"/></method><method name="loadJsonFromResourceFile" desc="(Ljava/lang/String;)Ljava/lang/String;" line="57"><counter type="INSTRUCTION" missed="4" covered="35"/><counter type="BRANCH" missed="2" covered="4"/><counter type="LINE" missed="0" covered="8"/><counter type="COMPLEXITY" missed="2" covered="2"/><counter type="METHOD" missed="0" covered="1"/></method><method name="getPrettyJson" desc="(Ljava/lang/String;)Ljava/lang/String;" line="83"><counter type="INSTRUCTION" missed="8" covered="0"/><counter type="LINE" missed="2" covered="0"/><counter type="COMPLEXITY" missed="1" covered="0"/><counter type="METHOD" missed="1" covered="0"/></method><method name="getPrettyJson" desc="(Ljava/lang/Object;)Ljava/lang/String;" line="96"><counter type="INSTRUCTION" missed="0" covered="5"/><counter type="LINE" missed="0" covered="1"/><counter type="COMPLEXITY" missed="0" covered="1"/><counter type="METHOD" missed="0" covered="1"/></method><method name="&lt;clinit&gt;" desc="()V" line="21"><counter type="INSTRUCTION" missed="2" covered="10"/><counter type="BRANCH" missed="1" covered="1"/><counter type="LINE" missed="0" covered="2"/><counter type="COMPLEXITY" missed="1" covered="1"/><counter type="METHOD" missed="0" covered="1"/></method><counter type="INSTRUCTION" missed="17" covered="80"/><counter type="BRANCH" missed="3" covered="7"/><counter type="LINE" missed="2" covered="18"/><counter type="COMPLEXITY" missed="5" covered="6"/><counter type="METHOD" missed="2" covered="4"/><counter type="CLASS" missed="0" covered="1"/></class><sourcefile name="JsonHelper.java"><line nr="21" mi="5" ci="5" mb="1" cb="1"/><line nr="22" mi="0" ci="5" mb="0" cb="0"/><line nr="33" mi="0" ci="4" mb="0" cb="0"/><line nr="35" mi="0" ci="5" mb="0" cb="0"/><line nr="37" mi="0" ci="3" mb="0" cb="0"/><line nr="39" mi="0" ci="7" mb="0" cb="2"/><line nr="40" mi="0" ci="6" mb="0" cb="0"/><line nr="43" mi="0" ci="3" mb="0" cb="0"/><line nr="45" mi="0" ci="2" mb="0" cb="0"/><line nr="57" mi="0" ci="4" mb="0" cb="0"/><line nr="59" mi="0" ci="5" mb="0" cb="0"/><line nr="61" mi="0" ci="3" mb="0" cb="0"/><line nr="64" mi="4" ci="4" mb="2" cb="2"/><line nr="65" mi="0" ci="8" mb="0" cb="2"/><line nr="66" mi="0" ci="6" mb="0" cb="0"/><line nr="69" mi="0" ci="3" mb="0" cb="0"/><line nr="71" mi="0" ci="2" mb="0" cb="0"/><line nr="83" mi="5" ci="0" mb="0" cb="0"/><line nr="84" mi="3" ci="0" mb="0" cb="0"/><line nr="96" mi="0" ci="5" mb="0" cb="0"/><counter type="INSTRUCTION" missed="17" covered="80"/><counter type="BRANCH" missed="3" covered="7"/><counter type="LINE" missed="2" covered="18"/><counter type="COMPLEXITY" missed="5" covered="6"/><counter type="METHOD" missed="2" covered="4"/><counter type="CLASS" missed="0" covered="1"/></sourcefile><counter type="INSTRUCTION" missed="17" covered="80"/><counter type="BRANCH" missed="3" covered="7"/><counter type="LINE" missed="2" covered="18"/><counter type="COMPLEXITY" missed="5" covered="6"/><counter type="METHOD" missed="2" covered="4"/><counter type="CLASS" missed="0" covered="1"/></package><package name="com/syntifi/near/api/model/account"><class name="com/syntifi/near/api/model/account/AccountChange" sourcefilename="AccountChange.java"/><class name="com/syntifi/near/api/model/account/AccountChanges" sourcefilename="AccountChanges.java"/><class name="com/syntifi/near/api/model/account/Account$AccountBuilder" sourcefilename="Account.java"/><class name="com/syntifi/near/api/model/account/AccountChanges$AccountChangesBuilder" sourcefilename="AccountChanges.java"/><class name="com/syntifi/near/api/model/account/Account" sourcefilename="Account.java"/><class name="com/syntifi/near/api/model/account/AccountChangeDetails$AccountChangeDetailsBuilder" sourcefilename="AccountChangeDetails.java"/><class name="com/syntifi/near/api/model/account/AccountChange$AccountChangeBuilder" sourcefilename="AccountChange.java"/><class name="com/syntifi/near/api/model/account/AccountChangeDetails" sourcefilename="AccountChangeDetails.java"/><sourcefile name="AccountChanges.java"/><sourcefile name="AccountChange.java"/><sourcefile name="Account.java"/><sourcefile name="AccountChangeDetails.java"/></package><package name="com/syntifi/near/api/model/protocol"><class name="com/syntifi/near/api/model/protocol/RuntimeConfig" sourcefilename="RuntimeConfig.java"/><class name="com/syntifi/near/api/model/protocol/ShardLayout$ShardLayoutBuilder" sourcefilename="ShardLayout.java"/><class name="com/syntifi/near/api/model/protocol/StorageUsageConfig" sourcefilename="StorageUsageConfig.java"/><class name="com/syntifi/near/api/model/protocol/Cost$CostBuilder" sourcefilename="Cost.java"/><class name="com/syntifi/near/api/model/protocol/RuntimeConfig$RuntimeConfigBuilder" sourcefilename="RuntimeConfig.java"/><class name="com/syntifi/near/api/model/protocol/ProtocolConfig$ProtocolConfigBuilder" sourcefilename="ProtocolConfig.java"/><class name="com/syntifi/near/api/model/protocol/ExtCosts" sourcefilename="ExtCosts.java"/><class name="com/syntifi/near/api/model/protocol/ActionCreationConfig" sourcefilename="ActionCreationConfig.java"/><class name="com/syntifi/near/api/model/protocol/LimitConfig$LimitConfigBuilder" sourcefilename="LimitConfig.java"/><class name="com/syntifi/near/api/model/protocol/ShardLayout" sourcefilename="ShardLayout.java"/><class name="com/syntifi/near/api/model/protocol/GenesisConfig" sourcefilename="GenesisConfig.java"/><class name="com/syntifi/near/api/model/protocol/AccountCreationConfig$AccountCreationConfigBuilder" sourcefilename="AccountCreationConfig.java"/><class name="com/syntifi/near/api/model/protocol/StorageUsageConfig$StorageUsageConfigBuilder" sourcefilename="StorageUsageConfig.java"/><class name="com/syntifi/near/api/model/protocol/ActionCreationConfig$ActionCreationConfigBuilder" sourcefilename="ActionCreationConfig.java"/><class name="com/syntifi/near/api/model/protocol/GenesisConfig$GenesisConfigBuilder" sourcefilename="GenesisConfig.java"/><class name="com/syntifi/near/api/model/protocol/DataReceiptCreationConfig" sourcefilename="DataReceiptCreationConfig.java"/><class name="com/syntifi/near/api/model/protocol/LimitConfig" sourcefilename="LimitConfig.java"/><class name="com/syntifi/near/api/model/protocol/AccountCreationConfig" sourcefilename="AccountCreationConfig.java"/><class name="com/syntifi/near/api/model/protocol/DataReceiptCreationConfig$DataReceiptCreationConfigBuilder" sourcefilename="DataReceiptCreationConfig.java"/><class name="com/syntifi/near/api/model/protocol/AddKeyCost$AddKeyCostBuilder" sourcefilename="AddKeyCost.java"/><class name="com/syntifi/near/api/model/protocol/ExtCosts$ExtCostsBuilder" sourcefilename="ExtCosts.java"/><class name="com/syntifi/near/api/model/protocol/WasmConfig$WasmConfigBuilder" sourcefilename="WasmConfig.java"/><class name="com/syntifi/near/api/model/protocol/ShardLayout$V0" sourcefilename="ShardLayout.java"><method name="&lt;init&gt;" desc="()V" line="25"><counter type="INSTRUCTION" missed="0" covered="3"/><counter type="LINE" missed="0" covered="1"/><counter type="COMPLEXITY" missed="0" covered="1"/><counter type="METHOD" missed="0" covered="1"/></method><counter type="INSTRUCTION" missed="0" covered="3"/><counter type="LINE" missed="0" covered="1"/><counter type="COMPLEXITY" missed="0" covered="1"/><counter type="METHOD" missed="0" covered="1"/><counter type="CLASS" missed="0" covered="1"/></class><class name="com/syntifi/near/api/model/protocol/SimpleNightShadeShardLayout$V1" sourcefilename="SimpleNightShadeShardLayout.java"><method name="&lt;init&gt;" desc="()V" line="27"><counter type="INSTRUCTION" missed="0" covered="3"/><counter type="LINE" missed="0" covered="1"/><counter type="COMPLEXITY" missed="0" covered="1"/><counter type="METHOD" missed="0" covered="1"/></method><counter type="INSTRUCTION" missed="0" covered="3"/><counter type="LINE" missed="0" covered="1"/><counter type="COMPLEXITY" missed="0" covered="1"/><counter type="METHOD" missed="0" covered="1"/><counter type="CLASS" missed="0" covered="1"/></class><class name="com/syntifi/near/api/model/protocol/SimpleNightShadeShardLayout" sourcefilename="SimpleNightShadeShardLayout.java"/><class name="com/syntifi/near/api/model/protocol/ProtocolConfig" sourcefilename="ProtocolConfig.java"/><class name="com/syntifi/near/api/model/protocol/Cost" sourcefilename="Cost.java"/><class name="com/syntifi/near/api/model/protocol/TransactionCosts$TransactionCostsBuilder" sourcefilename="TransactionCosts.java"/><class name="com/syntifi/near/api/model/protocol/WasmConfig" sourcefilename="WasmConfig.java"/><class name="com/syntifi/near/api/model/protocol/SimpleNightShadeShardLayout$SimpleNightShadeShardLayoutBuilder" sourcefilename="SimpleNightShadeShardLayout.java"/><class name="com/syntifi/near/api/model/protocol/TransactionCosts" sourcefilename="TransactionCosts.java"/><class name="com/syntifi/near/api/model/protocol/AddKeyCost" sourcefilename="AddKeyCost.java"/><sourcefile name="ActionCreationConfig.java"/><sourcefile name="TransactionCosts.java"/><sourcefile name="WasmConfig.java"/><sourcefile name="ShardLayout.java"><line nr="25" mi="0" ci="3" mb="0" cb="0"/><counter type="INSTRUCTION" missed="0" covered="3"/><counter type="LINE" missed="0" covered="1"/><counter type="COMPLEXITY" missed="0" covered="1"/><counter type="METHOD" missed="0" covered="1"/><counter type="CLASS" missed="0" covered="1"/></sourcefile><sourcefile name="RuntimeConfig.java"/><sourcefile name="ProtocolConfig.java"/><sourcefile name="AddKeyCost.java"/><sourcefile name="StorageUsageConfig.java"/><sourcefile name="ExtCosts.java"/><sourcefile name="Cost.java"/><sourcefile name="LimitConfig.java"/><sourcefile name="GenesisConfig.java"/><sourcefile name="DataReceiptCreationConfig.java"/><sourcefile name="AccountCreationConfig.java"/><sourcefile name="SimpleNightShadeShardLayout.java"><line nr="27" mi="0" ci="3" mb="0" cb="0"/><counter type="INSTRUCTION" missed="0" covered="3"/><counter type="LINE" missed="0" covered="1"/><counter type="COMPLEXITY" missed="0" covered="1"/><counter type="METHOD" missed="0" covered="1"/><counter type="CLASS" missed="0" covered="1"/></sourcefile><counter type="INSTRUCTION" missed="0" covered="6"/><counter type="LINE" missed="0" covered="2"/><counter type="COMPLEXITY" missed="0" covered="2"/><counter type="METHOD" missed="0" covered="2"/><counter type="CLASS" missed="0" covered="2"/></package><package name="com/syntifi/near/api/model/common"><class name="com/syntifi/near/api/model/common/EncodedHash" sourcefilename="EncodedHash.java"><method name="getDecodedHash" desc="()[B" line="28"><counter type="INSTRUCTION" missed="0" covered="4"/><counter type="LINE" missed="0" covered="1"/><counter type="COMPLEXITY" missed="0" covered="1"/><counter type="METHOD" missed="0" covered="1"/></method><method name="setEncodedHash" desc="([B)V" line="32"><counter type="INSTRUCTION" missed="5" covered="0"/><counter type="LINE" missed="2" covered="0"/><counter type="COMPLEXITY" missed="1" covered="0"/><counter type="METHOD" missed="1" covered="0"/></method><counter type="INSTRUCTION" missed="5" covered="4"/><counter type="LINE" missed="2" covered="1"/><counter type="COMPLEXITY" missed="1" covered="1"/><counter type="METHOD" missed="1" covered="1"/><counter type="CLASS" missed="0" covered="1"/></class><class name="com/syntifi/near/api/model/common/ChangeCause" sourcefilename="ChangeCause.java"/><class name="com/syntifi/near/api/model/common/EncodedHash$EncodedHashBuilder" sourcefilename="EncodedHash.java"/><class name="com/syntifi/near/api/model/common/ChangeCause$ChangeCauseBuilder" sourcefilename="ChangeCause.java"/><sourcefile name="ChangeCause.java"/><sourcefile name="EncodedHash.java"><line nr="28" mi="0" ci="4" mb="0" cb="0"/><line nr="32" mi="4" ci="0" mb="0" cb="0"/><line nr="33" mi="1" ci="0" mb="0" cb="0"/><counter type="INSTRUCTION" missed="5" covered="4"/><counter type="LINE" missed="2" covered="1"/><counter type="COMPLEXITY" missed="1" covered="1"/><counter type="METHOD" missed="1" covered="1"/><counter type="CLASS" missed="0" covered="1"/></sourcefile><counter type="INSTRUCTION" missed="5" covered="4"/><counter type="LINE" missed="2" covered="1"/><counter type="COMPLEXITY" missed="1" covered="1"/><counter type="METHOD" missed="1" covered="1"/><counter type="CLASS" missed="0" covered="1"/></package><package name="com/syntifi/near/api/service"><class name="com/syntifi/near/api/service/NearService" sourcefilename="NearService.java"><method name="usingPeer" desc="(Ljava/lang/String;)Lcom/syntifi/near/api/service/NearService;" line="841"><counter type="INSTRUCTION" missed="0" covered="42"/><counter type="LINE" missed="0" covered="6"/><counter type="COMPLEXITY" missed="0" covered="1"/><counter type="METHOD" missed="0" covered="1"/></method><counter type="INSTRUCTION" missed="0" covered="42"/><counter type="LINE" missed="0" covered="6"/><counter type="COMPLEXITY" missed="0" covered="1"/><counter type="METHOD" missed="0" covered="1"/><counter type="CLASS" missed="0" covered="1"/></class><class name="com/syntifi/near/api/service/TransactionService" sourcefilename="TransactionService.java"><method name="&lt;init&gt;" desc="()V" line="31"><counter type="INSTRUCTION" missed="3" covered="0"/><counter type="LINE" missed="1" covered="0"/><counter type="COMPLEXITY" missed="1" covered="0"/><counter type="METHOD" missed="1" covered="0"/></method><method name="sendTransferActionAwait" desc="(Lcom/syntifi/near/api/service/NearService;Ljava/lang/String;Ljava/lang/String;Lcom/syntifi/near/api/model/key/PublicKey;Lcom/syntifi/near/api/model/key/PrivateKey;Ljava/math/BigInteger;)Lcom/syntifi/near/api/model/transaction/TransactionAwait;" line="48"><counter type="INSTRUCTION" missed="0" covered="17"/><counter type="LINE" missed="0" covered="5"/><counter type="COMPLEXITY" missed="0" covered="1"/><counter type="METHOD" missed="0" covered="1"/></method><method name="sendTransferActionAsync" desc="(Lcom/syntifi/near/api/service/NearService;Ljava/lang/String;Ljava/lang/String;Lcom/syntifi/near/api/model/key/PublicKey;Lcom/syntifi/near/api/model/key/PrivateKey;Ljava/math/BigInteger;)Lcom/syntifi/near/api/model/common/EncodedHash;" line="71"><counter type="INSTRUCTION" missed="0" covered="17"/><counter type="LINE" missed="0" covered="5"/><counter type="COMPLEXITY" missed="0" covered="1"/><counter type="METHOD" missed="0" covered="1"/></method><method name="sendTransactionAwait" desc="(Lcom/syntifi/near/api/service/NearService;Ljava/lang/String;Ljava/lang/String;Lcom/syntifi/near/api/model/key/PublicKey;Lcom/syntifi/near/api/model/key/PrivateKey;Ljava/util/List;)Lcom/syntifi/near/api/model/transaction/TransactionAwait;" line="94"><counter type="INSTRUCTION" missed="0" covered="10"/><counter type="LINE" missed="0" covered="1"/><counter type="COMPLEXITY" missed="0" covered="1"/><counter type="METHOD" missed="0" covered="1"/></method><method name="sendTransactionAsync" desc="(Lcom/syntifi/near/api/service/NearService;Ljava/lang/String;Ljava/lang/String;Lcom/syntifi/near/api/model/key/PublicKey;Lcom/syntifi/near/api/model/key/PrivateKey;Ljava/util/List;)Lcom/syntifi/near/api/model/common/EncodedHash;" line="113"><counter type="INSTRUCTION" missed="0" covered="13"/><counter type="LINE" missed="0" covered="4"/><counter type="COMPLEXITY" missed="0" covered="1"/><counter type="METHOD" missed="0" covered="1"/></method><method name="prepareTransactionForActionList" desc="(Lcom/syntifi/near/api/service/NearService;Ljava/lang/String;Ljava/lang/String;Lcom/syntifi/near/api/model/key/PublicKey;Lcom/syntifi/near/api/model/key/PrivateKey;Ljava/util/List;)Ljava/lang/String;" line="135"><counter type="INSTRUCTION" missed="0" covered="66"/><counter type="LINE" missed="0" covered="22"/><counter type="COMPLEXITY" missed="0" covered="1"/><counter type="METHOD" missed="0" covered="1"/></method><counter type="INSTRUCTION" missed="3" covered="123"/><counter type="LINE" missed="1" covered="37"/><counter type="COMPLEXITY" missed="1" covered="5"/><counter type="METHOD" missed="1" covered="5"/><counter type="CLASS" missed="0" covered="1"/></class><class name="com/syntifi/near/api/service/NearObjectMapper" sourcefilename="NearObjectMapper.java"><method name="&lt;init&gt;" desc="()V" line="18"><counter type="INSTRUCTION" missed="0" covered="17"/><counter type="LINE" missed="0" covered="6"/><counter type="COMPLEXITY" missed="0" covered="1"/><counter type="METHOD" missed="0" covered="1"/></method><counter type="INSTRUCTION" missed="0" covered="17"/><counter type="LINE" missed="0" covered="6"/><counter type="COMPLEXITY" missed="0" covered="1"/><counter type="METHOD" missed="0" covered="1"/><counter type="CLASS" missed="0" covered="1"/></class><class name="com/syntifi/near/api/service/WalletService" sourcefilename="WalletService.java"><method name="&lt;init&gt;" desc="()V" line="18"><counter type="INSTRUCTION" missed="3" covered="0"/><counter type="LINE" missed="1" covered="0"/><counter type="COMPLEXITY" missed="1" covered="0"/><counter type="METHOD" missed="1" covered="0"/></method><method name="loadWalletFromFile" desc="(Ljava/io/File;)Lcom/syntifi/near/api/model/key/Wallet;" line="27"><counter type="INSTRUCTION" missed="0" covered="7"/><counter type="LINE" missed="0" covered="2"/><counter type="COMPLEXITY" missed="0" covered="1"/><counter type="METHOD" missed="0" covered="1"/></method><method name="writeWalletToFile" desc="(Ljava/io/File;Lcom/syntifi/near/api/model/key/Wallet;)V" line="40"><counter type="INSTRUCTION" missed="0" covered="14"/><counter type="LINE" missed="0" covered="3"/><counter type="COMPLEXITY" missed="0" covered="1"/><counter type="METHOD" missed="0" covered="1"/></method><counter type="INSTRUCTION" missed="3" covered="21"/><counter type="LINE" missed="1" covered="5"/><counter type="COMPLEXITY" missed="1" covered="2"/><counter type="METHOD" missed="1" covered="2"/><counter type="CLASS" missed="0" covered="1"/></class><sourcefile name="NearObjectMapper.java"><line nr="18" mi="0" ci="2" mb="0" cb="0"/><line nr="20" mi="0" ci="5" mb="0" cb="0"/><line nr="21" mi="0" ci="2" mb="0" cb="0"/><line nr="22" mi="0" ci="5" mb="0" cb="0"/><line nr="23" mi="0" ci="2" mb="0" cb="0"/><line nr="24" mi="0" ci="1" mb="0" cb="0"/><counter type="INSTRUCTION" missed="0" covered="17"/><counter type="LINE" missed="0" covered="6"/><counter type="COMPLEXITY" missed="0" covered="1"/><counter type="METHOD" missed="0" covered="1"/><counter type="CLASS" missed="0" covered="1"/></sourcefile><sourcefile name="NearService.java"><line nr="841" mi="0" ci="4" mb="0" cb="0"/><line nr="842" mi="0" ci="4" mb="0" cb="0"/><line nr="843" mi="0" ci="5" mb="0" cb="0"/><line nr="845" mi="0" ci="17" mb="0" cb="0"/><line nr="848" mi="0" ci="5" mb="0" cb="0"/><line nr="850" mi="0" ci="7" mb="0" cb="0"/><counter type="INSTRUCTION" missed="0" covered="42"/><counter type="LINE" missed="0" covered="6"/><counter type="COMPLEXITY" missed="0" covered="1"/><counter type="METHOD" missed="0" covered="1"/><counter type="CLASS" missed="0" covered="1"/></sourcefile><sourcefile name="WalletService.java"><line nr="18" mi="3" ci="0" mb="0" cb="0"/><line nr="27" mi="0" ci="5" mb="0" cb="0"/><line nr="28" mi="0" ci="2" mb="0" cb="0"/><line nr="40" mi="0" ci="8" mb="0" cb="0"/><line nr="41" mi="0" ci="5" mb="0" cb="0"/><line nr="43" mi="0" ci="1" mb="0" cb="0"/><counter type="INSTRUCTION" missed="3" covered="21"/><counter type="LINE" missed="1" covered="5"/><counter type="COMPLEXITY" missed="1" covered="2"/><counter type="METHOD" missed="1" covered="2"/><counter type="CLASS" missed="0" covered="1"/></sourcefile><sourcefile name="TransactionService.java"><line nr="31" mi="3" ci="0" mb="0" cb="0"/><line nr="48" mi="0" ci="11" mb="0" cb="0"/><line nr="49" mi="0" ci="1" mb="0" cb="0"/><line nr="50" mi="0" ci="2" mb="0" cb="0"/><line nr="51" mi="0" ci="1" mb="0" cb="0"/><line nr="52" mi="0" ci="2" mb="0" cb="0"/><line nr="71" mi="0" ci="11" mb="0" cb="0"/><line nr="72" mi="0" ci="1" mb="0" cb="0"/><line nr="73" mi="0" ci="2" mb="0" cb="0"/><line nr="74" mi="0" ci="1" mb="0" cb="0"/><line nr="75" mi="0" ci="2" mb="0" cb="0"/><line nr="94" mi="0" ci="10" mb="0" cb="0"/><line nr="113" mi="0" ci="9" mb="0" cb="0"/><line nr="114" mi="0" ci="2" mb="0" cb="0"/><line nr="115" mi="0" ci="1" mb="0" cb="0"/><line nr="116" mi="0" ci="1" mb="0" cb="0"/><line nr="135" mi="0" ci="4" mb="0" cb="0"/><line nr="137" mi="0" ci="7" mb="0" cb="0"/><line nr="139" mi="0" ci="5" mb="0" cb="0"/><line nr="142" mi="0" ci="2" mb="0" cb="0"/><line nr="143" mi="0" ci="2" mb="0" cb="0"/><line nr="144" mi="0" ci="2" mb="0" cb="0"/><line nr="145" mi="0" ci="3" mb="0" cb="0"/><line nr="146" mi="0" ci="2" mb="0" cb="0"/><line nr="147" mi="0" ci="5" mb="0" cb="0"/><line nr="148" mi="0" ci="1" mb="0" cb="0"/><line nr="149" mi="0" ci="2" mb="0" cb="0"/><line nr="151" mi="0" ci="3" mb="0" cb="0"/><line nr="152" mi="0" ci="3" mb="0" cb="0"/><line nr="153" mi="0" ci="5" mb="0" cb="0"/><line nr="156" mi="0" ci="2" mb="0" cb="0"/><line nr="157" mi="0" ci="1" mb="0" cb="0"/><line nr="158" mi="0" ci="3" mb="0" cb="0"/><line nr="159" mi="0" ci="3" mb="0" cb="0"/><line nr="160" mi="0" ci="2" mb="0" cb="0"/><line nr="161" mi="0" ci="2" mb="0" cb="0"/><line nr="163" mi="0" ci="3" mb="0" cb="0"/><line nr="165" mi="0" ci="4" mb="0" cb="0"/><counter type="INSTRUCTION" missed="3" covered="123"/><counter type="LINE" missed="1" covered="37"/><counter type="COMPLEXITY" missed="1" covered="5"/><counter type="METHOD" missed="1" covered="5"/><counter type="CLASS" missed="0" covered="1"/></sourcefile><counter type="INSTRUCTION" missed="6" covered="203"/><counter type="LINE" missed="2" covered="54"/><counter type="COMPLEXITY" missed="2" covered="9"/><counter type="METHOD" missed="2" covered="9"/><counter type="CLASS" missed="0" covered="4"/></package><counter type="INSTRUCTION" missed="28" covered="1148"/><counter type="BRANCH" missed="3" covered="17"/><counter type="LINE" missed="6" covered="219"/><counter type="COMPLEXITY" missed="8" covered="74"/><counter type="METHOD" missed="5" covered="67"/><counter type="CLASS" missed="0" covered="29"/></report>